2024-08-03 17:05:32,656:INFO :mceliece:seeda: 1000 traces
2024-08-03 17:05:32,656:INFO :mceliece:seedb: 1000 traces
2024-08-03 17:05:32,656:INFO :mceliece:seedr: 1000 traces
2024-08-03 17:05:32,656:INFO :mceliece:seedv: 10 traces
2024-08-03 17:05:34,516:INFO :FvR(seeda,seedr):max t-value: 29.24
2024-08-03 17:05:34,516:INFO :FvR(seeda,seedr):Generating t-value approximation with overcount factor 1.10 ...
2024-08-03 17:06:11,264:INFO :FvR(seeda,seedr):PoIs percentile: 0.0032, approx cutoff: 13.49
2024-08-03 17:06:11,267:INFO :FvR(seeda,seedr):find loop periods between 512 and 853 samples
2024-08-03 17:06:13,944:INFO :FvR(seeda,seedr):searching for peaks above 82674.61 with clearance 10 either side
2024-08-03 17:06:13,945:INFO :FvR(seeda,seedr):found signal with period 630 and strength 425329.46
2024-08-03 17:06:13,945:INFO :FvR(seeda,seedr):found signal with period 732 and strength 358180.08
2024-08-03 17:06:14,196:INFO :FvR(seeda,seedr):searching for pois with t-values above 13.49 and clearance 11
2024-08-03 17:06:33,446:INFO :FvR(seeda,seedr):found 457273 poi candidates
2024-08-03 17:06:33,485:INFO :FvR(seeda,seedr):searching for long sequences at least 7 samples long
2024-08-03 17:06:59,395:INFO :FvR(seeda,seedr):Bits missing in column 3 after if: 1 [278]
2024-08-03 17:06:59,396:INFO :FvR(seeda,seedr):Bits missing in column 8 after if: 1 [687]
2024-08-03 17:06:59,399:INFO :FvR(seeda,seedr):Bits missing in column 36 after if: 1 [523]
2024-08-03 17:06:59,400:INFO :FvR(seeda,seedr):Bits missing in column 45 after if: 4 [ 403 1058 1127 1494]
2024-08-03 17:06:59,400:INFO :FvR(seeda,seedr):Bits missing in column 53 after if: 1 [1473]
2024-08-03 17:06:59,401:INFO :FvR(seeda,seedr):Bits missing in column 61 after if: 1 [895]
2024-08-03 17:06:59,402:INFO :FvR(seeda,seedr):Bits missing in column 64 after if: 1 [389]
2024-08-03 17:06:59,402:INFO :FvR(seeda,seedr):Bits missing in column 69 after if: 1 [946]
2024-08-03 17:06:59,403:INFO :FvR(seeda,seedr):Bits missing in column 72 after if: 1 [12]
2024-08-03 17:06:59,406:INFO :FvR(seeda,seedr):Bits missing in column 104 after if: 1 [1071]
2024-08-03 17:06:59,416:INFO :FvR(seeda,seedr):warning: some bits were missing: 13
2024-08-03 17:06:59,424:INFO :FvR(seeda,seedr):detected period shift for if-branch: 33
2024-08-03 17:06:59,879:INFO :FvR(seeda,seedr):found model for leak positions:
# generated by 04-find-leak.sage
MISSING=-1
PERIOD_SHIFT=33
PERIOD_ZERO=732
def model_leakpos(r, c):
    if r == c:
        return MISSING
    pos = -315.0*c^2 + 2264764.75*c + 1047823.0
    pos += -5.75*(c%8)
    pos += PERIOD_ZERO*r
    if r > c:
        pos += PERIOD_SHIFT - PERIOD_ZERO
    return int(pos)

2024-08-03 17:07:24,094:INFO :FvR(seeda,seedr):model fits reality perfectly
2024-08-03 17:07:25,947:INFO :FvR(seedb,seedr):max t-value: 30.47
2024-08-03 17:07:25,948:INFO :FvR(seedb,seedr):Generating t-value approximation with overcount factor 1.10 ...
2024-08-03 17:08:02,974:INFO :FvR(seedb,seedr):PoIs percentile: 0.0031, approx cutoff: 13.71
2024-08-03 17:08:02,980:INFO :FvR(seedb,seedr):find loop periods between 512 and 853 samples
2024-08-03 17:08:05,619:INFO :FvR(seedb,seedr):searching for peaks above 83450.09 with clearance 10 either side
2024-08-03 17:08:05,620:INFO :FvR(seedb,seedr):found signal with period 630 and strength 414042.31
2024-08-03 17:08:05,620:INFO :FvR(seedb,seedr):found signal with period 732 and strength 195167.25
2024-08-03 17:08:05,864:INFO :FvR(seedb,seedr):searching for pois with t-values above 13.71 and clearance 11
2024-08-03 17:08:25,078:INFO :FvR(seedb,seedr):found 452143 poi candidates
2024-08-03 17:08:25,116:INFO :FvR(seedb,seedr):searching for long sequences at least 7 samples long
2024-08-03 17:08:50,449:INFO :FvR(seedb,seedr):Bits missing in column 8 after if: 1 [1032]
2024-08-03 17:08:50,451:INFO :FvR(seedb,seedr):Bits missing in column 25 after if: 1 [1405]
2024-08-03 17:08:50,456:INFO :FvR(seedb,seedr):Bits missing in column 40 after if: 1 [1495]
2024-08-03 17:08:50,456:INFO :FvR(seedb,seedr):Bits missing in column 41 after if: 1 [1494]
2024-08-03 17:08:50,456:INFO :FvR(seedb,seedr):Bits missing in column 44 before if: 1 [21]
2024-08-03 17:08:50,456:INFO :FvR(seedb,seedr):Bits missing in column 44 after if: 1 [22]
2024-08-03 17:08:50,457:INFO :FvR(seedb,seedr):Bits missing in column 48 after if: 1 [1431]
2024-08-03 17:08:50,461:INFO :FvR(seedb,seedr):Bits missing in column 88 after if: 1 [54]
2024-08-03 17:08:50,461:INFO :FvR(seedb,seedr):Bits missing in column 92 after if: 2 [ 296 1436]
2024-08-03 17:08:50,462:INFO :FvR(seedb,seedr):Bits missing in column 96 after if: 1 [1432]
2024-08-03 17:08:50,463:INFO :FvR(seedb,seedr):Bits missing in column 104 after if: 1 [923]
2024-08-03 17:08:50,464:INFO :FvR(seedb,seedr):Bits missing in column 112 after if: 1 [167]
2024-08-03 17:08:50,464:INFO :FvR(seedb,seedr):Bits missing in column 113 before if: 1 [52]
2024-08-03 17:08:50,464:INFO :FvR(seedb,seedr):Bits missing in column 113 after if: 2 [466 998]
2024-08-03 17:08:50,474:INFO :FvR(seedb,seedr):warning: some bits were missing: 16
2024-08-03 17:08:50,481:INFO :FvR(seedb,seedr):detected period shift for if-branch: 33
2024-08-03 17:08:50,499:INFO :FvR(seedb,seedr):found model for leak positions:
# generated by 04-find-leak.sage
MISSING=-1
PERIOD_SHIFT=33
PERIOD_ZERO=732
def model_leakpos(r, c):
    if r == c:
        return MISSING
    pos = -315.0*c^2 + 2264764.75*c + 1047823.0
    pos += -5.75*(c%8)
    pos += PERIOD_ZERO*r
    if r > c:
        pos += PERIOD_SHIFT - PERIOD_ZERO
    return int(pos)

2024-08-03 17:09:14,492:INFO :FvR(seedb,seedr):model fits reality perfectly
2024-08-03 17:09:14,493:INFO :mceliece:leakpos differs: seeda[5270] = -1 vs seedb[5270] = 8044990
2024-08-03 17:09:14,495:INFO :mceliece:leakpos differs: seeda[13999] = -1 vs seedb[13999] = 19654554
2024-08-03 17:09:14,495:INFO :mceliece:leakpos differs: seeda[14344] = 19907094 vs seedb[14344] = -1
2024-08-03 17:09:14,498:INFO :mceliece:leakpos differs: seeda[43005] = 58516854 vs seedb[43005] = -1
2024-08-03 17:09:14,501:INFO :mceliece:leakpos differs: seeda[60427] = -1 vs seedb[60427] = 82580312
2024-08-03 17:09:14,502:INFO :mceliece:leakpos differs: seeda[68055] = 92258066 vs seedb[68055] = -1
2024-08-03 17:09:14,502:INFO :mceliece:leakpos differs: seeda[69718] = 94497310 vs seedb[69718] = -1
2024-08-03 17:09:14,502:INFO :mceliece:leakpos differs: seeda[73193] = 100102981 vs seedb[73193] = -1
2024-08-03 17:09:14,502:INFO :mceliece:leakpos differs: seeda[73238] = 100135954 vs seedb[73238] = -1
2024-08-03 17:09:14,503:INFO :mceliece:leakpos differs: seeda[75283] = -1 vs seedb[75283] = 102652302
2024-08-03 17:09:14,503:INFO :mceliece:leakpos differs: seeda[75938] = -1 vs seedb[75938] = 103131762
2024-08-03 17:09:14,503:INFO :mceliece:leakpos differs: seeda[76007] = -1 vs seedb[76007] = 103182270
2024-08-03 17:09:14,503:INFO :mceliece:leakpos differs: seeda[76374] = -1 vs seedb[76374] = 103450914
2024-08-03 17:09:14,504:INFO :mceliece:leakpos differs: seeda[81303] = 110113432 vs seedb[81303] = -1
2024-08-03 17:09:14,505:INFO :mceliece:leakpos differs: seeda[89665] = -1 vs seedb[89665] = 121312556
2024-08-03 17:09:14,506:INFO :mceliece:leakpos differs: seeda[102399] = -1 vs seedb[102399] = 138726154
2024-08-03 17:09:14,507:INFO :mceliece:leakpos differs: seeda[106885] = -1 vs seedb[106885] = 145034156
2024-08-03 17:09:14,508:INFO :mceliece:leakpos differs: seeda[115762] = -1 vs seedb[115762] = 156559860
2024-08-03 17:09:14,509:INFO :mceliece:leakpos differs: seeda[119820] = -1 vs seedb[119820] = 162539446
2024-08-03 17:09:14,512:INFO :mceliece:leakpos differs: seeda[146486] = 198011738 vs seedb[146486] = -1
2024-08-03 17:09:14,513:INFO :mceliece:leakpos differs: seeda[153384] = 207024046 vs seedb[153384] = -1
2024-08-03 17:09:14,513:INFO :mceliece:leakpos differs: seeda[154524] = 207858526 vs seedb[154524] = -1
2024-08-03 17:09:14,514:INFO :mceliece:leakpos differs: seeda[161176] = 216680728 vs seedb[161176] = -1
2024-08-03 17:09:14,516:INFO :mceliece:leakpos differs: seeda[173979] = 233928114 vs seedb[173979] = -1
2024-08-03 17:09:14,516:INFO :mceliece:leakpos differs: seeda[174127] = -1 vs seedb[174127] = 234036450
2024-08-03 17:09:14,518:INFO :mceliece:leakpos differs: seeda[186535] = 250954376 vs seedb[186535] = -1
2024-08-03 17:09:14,518:INFO :mceliece:leakpos differs: seeda[187971] = 252982063 vs seedb[187971] = -1
2024-08-03 17:09:14,518:INFO :mceliece:leakpos differs: seeda[188498] = 253367860 vs seedb[188498] = -1
2024-08-03 17:09:14,518:INFO :mceliece:leakpos differs: seeda[189030] = 253757284 vs seedb[189030] = -1
